<?xml version="1.0" encoding="UTF-8"?>
<!-- Generated by org.testng.reporters.JUnitXMLReporter -->
<testsuite ignored="0" hostname="DESKTOP-RKHS2QR" failures="0" tests="3" name="Default test" time="0.374" errors="0" timestamp="2024-11-01T19:37:25 EDT">
  <testcase classname="dstestcases.LoggerTest" name="testError" time="0.341"/>
  <testcase classname="dstestcases.LoggerTest" name="testInfo" time="0.001"/>
  <testcase classname="dstestcases.LoggerTest" name="testWarn" time="0.002"/>
</testsuite> <!-- Default test -->
