<?xml version="1.0" encoding="UTF-8"?>
<testng-results ignored="0" total="3" passed="3" failed="0" skipped="0">
  <reporter-output>
  </reporter-output>
  <suite started-at="2024-10-30T21:32:28 EDT" name="testSuite1" finished-at="2024-10-30T21:32:28 EDT" duration-ms="51">
    <groups>
    </groups>
    <test started-at="2024-10-30T21:32:28 EDT" name="sanity" finished-at="2024-10-30T21:32:28 EDT" duration-ms="51">
      <class name="testSuite1.Module1">
        <test-method is-config="true" signature="beforeMethod()[pri:0, instance:testSuite1.Module1@222545dc]" started-at="2024-10-30T21:32:28 EDT" name="beforeMethod" finished-at="2024-10-30T21:32:28 EDT" duration-ms="7" status="PASS">
          <reporter-output>
          </reporter-output>
        </test-method> <!-- beforeMethod -->
        <test-method signature="test001()[pri:0, instance:testSuite1.Module1@222545dc]" started-at="2024-10-30T21:32:28 EDT" name="test001" finished-at="2024-10-30T21:32:28 EDT" duration-ms="3" status="PASS">
          <reporter-output>
          </reporter-output>
        </test-method> <!-- test001 -->
        <test-method is-config="true" signature="afterMethod()[pri:0, instance:testSuite1.Module1@222545dc]" started-at="2024-10-30T21:32:28 EDT" name="afterMethod" finished-at="2024-10-30T21:32:28 EDT" duration-ms="0" status="PASS">
          <reporter-output>
          </reporter-output>
        </test-method> <!-- afterMethod -->
      </class> <!-- testSuite1.Module1 -->
      <class name="testSuite1.Module2">
        <test-method signature="test001()[pri:0, instance:testSuite1.Module2@2a3b5b47]" started-at="2024-10-30T21:32:28 EDT" name="test001" finished-at="2024-10-30T21:32:28 EDT" duration-ms="1" status="PASS">
          <reporter-output>
          </reporter-output>
        </test-method> <!-- test001 -->
        <test-method signature="test002()[pri:0, instance:testSuite1.Module2@2a3b5b47]" started-at="2024-10-30T21:32:28 EDT" name="test002" finished-at="2024-10-30T21:32:28 EDT" duration-ms="1" status="PASS">
          <reporter-output>
          </reporter-output>
        </test-method> <!-- test002 -->
      </class> <!-- testSuite1.Module2 -->
    </test> <!-- sanity -->
  </suite> <!-- testSuite1 -->
</testng-results>
