<?xml version="1.0" encoding="UTF-8"?>
<testng-results ignored="4" total="7" passed="3" failed="0" skipped="0">
  <reporter-output>
  </reporter-output>
  <suite started-at="2024-11-11T12:37:09 EST" name="testSuite1" finished-at="2024-11-11T12:37:10 EST" duration-ms="211">
    <groups>
    </groups>
    <test started-at="2024-11-11T12:37:09 EST" name="sanity" finished-at="2024-11-11T12:37:10 EST" duration-ms="211">
      <class name="testSuite1.Module1">
        <test-method is-config="true" signature="beforeMethod()[pri:0, instance:testSuite1.Module1@2d0399f4]" started-at="2024-11-11T12:37:09 EST" name="beforeMethod" finished-at="2024-11-11T12:37:09 EST" duration-ms="9" status="PASS">
          <reporter-output>
          </reporter-output>
        </test-method> <!-- beforeMethod -->
        <test-method signature="test001()[pri:0, instance:testSuite1.Module1@2d0399f4]" started-at="2024-11-11T12:37:10 EST" name="test001" finished-at="2024-11-11T12:37:10 EST" duration-ms="70" status="PASS">
          <reporter-output>
          </reporter-output>
        </test-method> <!-- test001 -->
        <test-method is-config="true" signature="afterMethod()[pri:0, instance:testSuite1.Module1@2d0399f4]" started-at="2024-11-11T12:37:10 EST" name="afterMethod" finished-at="2024-11-11T12:37:10 EST" duration-ms="0" status="PASS">
          <reporter-output>
          </reporter-output>
        </test-method> <!-- afterMethod -->
      </class> <!-- testSuite1.Module1 -->
      <class name="testSuite1.Module2">
        <test-method signature="test001()[pri:0, instance:testSuite1.Module2@49b2a47d]" started-at="2024-11-11T12:37:10 EST" name="test001" finished-at="2024-11-11T12:37:10 EST" duration-ms="4" status="PASS">
          <reporter-output>
          </reporter-output>
        </test-method> <!-- test001 -->
        <test-method signature="test002()[pri:0, instance:testSuite1.Module2@49b2a47d]" started-at="2024-11-11T12:37:10 EST" name="test002" finished-at="2024-11-11T12:37:10 EST" duration-ms="3" status="PASS">
          <reporter-output>
          </reporter-output>
        </test-method> <!-- test002 -->
      </class> <!-- testSuite1.Module2 -->
    </test> <!-- sanity -->
  </suite> <!-- testSuite1 -->
</testng-results>
