<?xml version="1.0" encoding="UTF-8"?>
<!-- Generated by org.testng.reporters.JUnitXMLReporter -->
<testsuite ignored="3" hostname="DESKTOP-RKHS2QR" failures="0" tests="3" name="sanity" time="0.051" errors="0" timestamp="2024-10-30T21:32:28 EDT">
  <testcase classname="testSuite1.Module1" name="test001" time="0.003"/>
  <testcase classname="testSuite1.Module2" name="test001" time="0.001"/>
  <testcase classname="testSuite1.Module2" name="test002" time="0.001"/>
  <testcase classname="testSuite1.Module2" name="test003" time="0.0">
    <ignored/>
  </testcase> <!-- test003 -->
  <testcase classname="testSuite1.Module1" name="test003" time="0.0">
    <ignored/>
  </testcase> <!-- test003 -->
  <testcase classname="testSuite1.Module1" name="test002" time="0.0">
    <ignored/>
  </testcase> <!-- test002 -->
</testsuite> <!-- sanity -->
